<?xml version="1.0" encoding="UTF-8"?>
<testsuite xmlns:xsi="http://www.w3.org/2001/XMLSchema-instance" xsi:noNamespaceSchemaLocation="https://maven.apache.org/surefire/maven-surefire-plugin/xsd/surefire-test-report-3.0.xsd" version="3.0" name="TestSuite" time="132.505" tests="4" errors="0" skipped="0" failures="4">
  <properties>
    <property name="awt.toolkit" value="sun.awt.X11.XToolkit"/>
    <property name="java.specification.version" value="11"/>
    <property name="sun.cpu.isalist" value=""/>
    <property name="sun.jnu.encoding" value="UTF-8"/>
    <property name="java.class.path" value="/workspace/LambdaTestNG-Certification/target/test-classes:/workspace/LambdaTestNG-Certification/target/classes:/workspace/m2-repository/org/testng/testng/7.0.0/testng-7.0.0.jar:/workspace/m2-repository/com/beust/jcommander/1.72/jcommander-1.72.jar:/workspace/m2-repository/net/serenity-bdd/serenity-core/2.3.4/serenity-core-2.3.4.jar:/workspace/m2-repository/net/bytebuddy/byte-buddy/1.10.1/byte-buddy-1.10.1.jar:/workspace/m2-repository/net/bytebuddy/byte-buddy-agent/1.10.1/byte-buddy-agent-1.10.1.jar:/workspace/m2-repository/com/google/guava/guava/25.0-jre/guava-25.0-jre.jar:/workspace/m2-repository/com/google/code/findbugs/jsr305/1.3.9/jsr305-1.3.9.jar:/workspace/m2-repository/org/checkerframework/checker-compat-qual/2.0.0/checker-compat-qual-2.0.0.jar:/workspace/m2-repository/com/google/errorprone/error_prone_annotations/2.1.3/error_prone_annotations-2.1.3.jar:/workspace/m2-repository/com/google/j2objc/j2objc-annotations/1.1/j2objc-annotations-1.1.jar:/workspace/m2-repository/org/codehaus/mojo/animal-sniffer-annotations/1.14/animal-sniffer-annotations-1.14.jar:/workspace/m2-repository/com/google/inject/guice/4.2.2/guice-4.2.2.jar:/workspace/m2-repository/javax/inject/javax.inject/1/javax.inject-1.jar:/workspace/m2-repository/aopalliance/aopalliance/1.0/aopalliance-1.0.jar:/workspace/m2-repository/org/ow2/asm/asm/7.2/asm-7.2.jar:/workspace/m2-repository/commons-codec/commons-codec/1.10/commons-codec-1.10.jar:/workspace/m2-repository/org/objenesis/objenesis/3.0.1/objenesis-3.0.1.jar:/workspace/m2-repository/xml-apis/xml-apis/1.4.01/xml-apis-1.4.01.jar:/workspace/m2-repository/io/cucumber/cucumber-core/6.6.0/cucumber-core-6.6.0.jar:/workspace/m2-repository/io/cucumber/cucumber-gherkin/6.6.0/cucumber-gherkin-6.6.0.jar:/workspace/m2-repository/io/cucumber/cucumber-gherkin-messages/6.6.0/cucumber-gherkin-messages-6.6.0.jar:/workspace/m2-repository/io/cucumber/messages/13.0.1/messages-13.0.1.jar:/workspace/m2-repository/io/cucumber/tag-expressions/3.0.0/tag-expressions-3.0.0.jar:/workspace/m2-repository/io/cucumber/cucumber-expressions/10.3.0/cucumber-expressions-10.3.0.jar:/workspace/m2-repository/io/cucumber/datatable/3.4.0/datatable-3.4.0.jar:/workspace/m2-repository/io/cucumber/cucumber-plugin/6.6.0/cucumber-plugin-6.6.0.jar:/workspace/m2-repository/io/cucumber/docstring/6.6.0/docstring-6.6.0.jar:/workspace/m2-repository/io/cucumber/html-formatter/9.0.0/html-formatter-9.0.0.jar:/workspace/m2-repository/io/cucumber/create-meta/2.0.1/create-meta-2.0.1.jar:/workspace/m2-repository/io/cucumber/cucumber-java/6.6.0/cucumber-java-6.6.0.jar:/workspace/m2-repository/commons-logging/commons-logging/1.2/commons-logging-1.2.jar:/workspace/m2-repository/io/vavr/vavr/0.9.0/vavr-0.9.0.jar:/workspace/m2-repository/io/vavr/vavr-match/0.9.0/vavr-match-0.9.0.jar:/workspace/m2-repository/javax/xml/bind/jaxb-api/2.2.12/jaxb-api-2.2.12.jar:/workspace/m2-repository/com/sun/xml/bind/jaxb-core/2.3.0.1/jaxb-core-2.3.0.1.jar:/workspace/m2-repository/com/sun/xml/bind/jaxb-impl/2.3.0.1/jaxb-impl-2.3.0.1.jar:/workspace/m2-repository/javax/activation/activation/1.1.1/activation-1.1.1.jar:/workspace/m2-repository/org/mockito/mockito-core/3.1.0/mockito-core-3.1.0.jar:/workspace/m2-repository/net/serenity-bdd/serenity-report-resources/2.3.4/serenity-report-resources-2.3.4.jar:/workspace/m2-repository/net/serenity-bdd/serenity-model/2.3.4/serenity-model-2.3.4.jar:/workspace/m2-repository/commons-net/commons-net/3.6/commons-net-3.6.jar:/workspace/m2-repository/org/apache/commons/commons-text/1.6/commons-text-1.6.jar:/workspace/m2-repository/org/reflections/reflections/0.9.11/reflections-0.9.11.jar:/workspace/m2-repository/org/javassist/javassist/3.21.0-GA/javassist-3.21.0-GA.jar:/workspace/m2-repository/es/nitaur/markdown/txtmark/0.16/txtmark-0.16.jar:/workspace/m2-repository/net/serenity-bdd/serenity-reports/2.3.4/serenity-reports-2.3.4.jar:/workspace/m2-repository/net/serenity-bdd/serenity-stats/2.3.4/serenity-stats-2.3.4.jar:/workspace/m2-repository/org/jetbrains/kotlin/kotlin-stdlib/1.3.31/kotlin-stdlib-1.3.31.jar:/workspace/m2-repository/org/jetbrains/kotlin/kotlin-stdlib-common/1.3.31/kotlin-stdlib-common-1.3.31.jar:/workspace/m2-repository/org/jetbrains/annotations/13.0/annotations-13.0.jar:/workspace/m2-repository/com/google/code/gson/gson/2.8.6/gson-2.8.6.jar:/workspace/m2-repository/commons-io/commons-io/2.6/commons-io-2.6.jar:/workspace/m2-repository/org/seleniumhq/selenium/selenium-server/3.141.59/selenium-server-3.141.59.jar:/workspace/m2-repository/org/apache/commons/commons-exec/1.3/commons-exec-1.3.jar:/workspace/m2-repository/net/jcip/jcip-annotations/1.0/jcip-annotations-1.0.jar:/workspace/m2-repository/org/seleniumhq/selenium/jetty-repacked/9.4.12.v20180830/jetty-repacked-9.4.12.v20180830.jar:/workspace/m2-repository/com/squareup/okhttp3/okhttp/3.11.0/okhttp-3.11.0.jar:/workspace/m2-repository/com/squareup/okio/okio/1.14.0/okio-1.14.0.jar:/workspace/m2-repository/javax/servlet/javax.servlet-api/3.1.0/javax.servlet-api-3.1.0.jar:/workspace/m2-repository/org/yaml/snakeyaml/1.19/snakeyaml-1.19.jar:/workspace/m2-repository/org/seleniumhq/selenium/selenium-api/3.141.59/selenium-api-3.141.59.jar:/workspace/m2-repository/org/seleniumhq/selenium/selenium-edge-driver/3.141.59/selenium-edge-driver-3.141.59.jar:/workspace/m2-repository/org/seleniumhq/selenium/selenium-remote-driver/3.141.59/selenium-remote-driver-3.141.59.jar:/workspace/m2-repository/org/seleniumhq/selenium/selenium-safari-driver/3.141.59/selenium-safari-driver-3.141.59.jar:/workspace/m2-repository/org/seleniumhq/selenium/selenium-opera-driver/3.141.59/selenium-opera-driver-3.141.59.jar:/workspace/m2-repository/org/seleniumhq/selenium/selenium-support/3.141.59/selenium-support-3.141.59.jar:/workspace/m2-repository/com/paulhammant/ngwebdriver/1.1.5/ngwebdriver-1.1.5.jar:/workspace/m2-repository/com/assertthat/selenium-shutterbug/0.9.3/selenium-shutterbug-0.9.3.jar:/workspace/m2-repository/org/projectlombok/lombok/1.18.8/lombok-1.18.8.jar:/workspace/m2-repository/com/github/zafarkhaja/java-semver/0.9.0/java-semver-0.9.0.jar:/workspace/m2-repository/com/codeborne/phantomjsdriver/1.4.4/phantomjsdriver-1.4.4.jar:/workspace/m2-repository/org/seleniumhq/selenium/htmlunit-driver/2.37.0/htmlunit-driver-2.37.0.jar:/workspace/m2-repository/io/appium/java-client/7.3.0/java-client-7.3.0.jar:/workspace/m2-repository/commons-validator/commons-validator/1.6/commons-validator-1.6.jar:/workspace/m2-repository/commons-beanutils/commons-beanutils/1.9.2/commons-beanutils-1.9.2.jar:/workspace/m2-repository/commons-digester/commons-digester/1.8.1/commons-digester-1.8.1.jar:/workspace/m2-repository/org/aspectj/aspectjweaver/1.9.4/aspectjweaver-1.9.4.jar:/workspace/m2-repository/org/springframework/spring-context-support/5.1.2.RELEASE/spring-context-support-5.1.2.RELEASE.jar:/workspace/m2-repository/org/springframework/spring-beans/5.1.2.RELEASE/spring-beans-5.1.2.RELEASE.jar:/workspace/m2-repository/org/springframework/spring-context/5.1.2.RELEASE/spring-context-5.1.2.RELEASE.jar:/workspace/m2-repository/org/springframework/spring-aop/5.1.2.RELEASE/spring-aop-5.1.2.RELEASE.jar:/workspace/m2-repository/org/springframework/spring-expression/5.1.2.RELEASE/spring-expression-5.1.2.RELEASE.jar:/workspace/m2-repository/org/springframework/spring-core/5.1.2.RELEASE/spring-core-5.1.2.RELEASE.jar:/workspace/m2-repository/org/springframework/spring-jcl/5.1.2.RELEASE/spring-jcl-5.1.2.RELEASE.jar:/workspace/m2-repository/org/codehaus/groovy/groovy/2.5.5/groovy-2.5.5.jar:/workspace/m2-repository/net/sf/opencsv/opencsv/2.0/opencsv-2.0.jar:/workspace/m2-repository/commons-beanutils/commons-beanutils-core/1.8.3/commons-beanutils-core-1.8.3.jar:/workspace/m2-repository/joda-time/joda-time/2.7/joda-time-2.7.jar:/workspace/m2-repository/com/thoughtworks/xstream/xstream/1.4.9/xstream-1.4.9.jar:/workspace/m2-repository/xmlpull/xmlpull/1.1.3.1/xmlpull-1.1.3.1.jar:/workspace/m2-repository/xpp3/xpp3_min/1.1.4c/xpp3_min-1.1.4c.jar:/workspace/m2-repository/org/apache/commons/commons-lang3/3.8.1/commons-lang3-3.8.1.jar:/workspace/m2-repository/commons-collections/commons-collections/3.2.2/commons-collections-3.2.2.jar:/workspace/m2-repository/org/freemarker/freemarker/2.3.29/freemarker-2.3.29.jar:/workspace/m2-repository/net/sourceforge/jexcelapi/jxl/2.6.12/jxl-2.6.12.jar:/workspace/m2-repository/org/hamcrest/hamcrest-core/1.3/hamcrest-core-1.3.jar:/workspace/m2-repository/org/hamcrest/hamcrest-library/1.3/hamcrest-library-1.3.jar:/workspace/m2-repository/net/sourceforge/htmlunit/htmlunit/2.37.0/htmlunit-2.37.0.jar:/workspace/m2-repository/net/sourceforge/htmlunit/htmlunit-core-js/2.37.0/htmlunit-core-js-2.37.0.jar:/workspace/m2-repository/net/sourceforge/htmlunit/neko-htmlunit/2.37.0/neko-htmlunit-2.37.0.jar:/workspace/m2-repository/xerces/xercesImpl/2.12.0/xercesImpl-2.12.0.jar:/workspace/m2-repository/net/sourceforge/htmlunit/htmlunit-cssparser/1.5.0/htmlunit-cssparser-1.5.0.jar:/workspace/m2-repository/org/brotli/dec/0.1.2/dec-0.1.2.jar:/workspace/m2-repository/org/eclipse/jetty/websocket/websocket-client/9.4.26.v20200117/websocket-client-9.4.26.v20200117.jar:/workspace/m2-repository/org/eclipse/jetty/jetty-client/9.4.26.v20200117/jetty-client-9.4.26.v20200117.jar:/workspace/m2-repository/org/eclipse/jetty/jetty-http/9.4.26.v20200117/jetty-http-9.4.26.v20200117.jar:/workspace/m2-repository/org/eclipse/jetty/jetty-xml/9.4.26.v20200117/jetty-xml-9.4.26.v20200117.jar:/workspace/m2-repository/org/eclipse/jetty/jetty-util/9.4.26.v20200117/jetty-util-9.4.26.v20200117.jar:/workspace/m2-repository/org/eclipse/jetty/jetty-io/9.4.26.v20200117/jetty-io-9.4.26.v20200117.jar:/workspace/m2-repository/org/eclipse/jetty/websocket/websocket-common/9.4.26.v20200117/websocket-common-9.4.26.v20200117.jar:/workspace/m2-repository/org/eclipse/jetty/websocket/websocket-api/9.4.26.v20200117/websocket-api-9.4.26.v20200117.jar:/workspace/m2-repository/org/apache/httpcomponents/httpclient/4.5.5/httpclient-4.5.5.jar:/workspace/m2-repository/org/apache/httpcomponents/httpcore/4.4.9/httpcore-4.4.9.jar:/workspace/m2-repository/org/apache/httpcomponents/httpmime/4.5.5/httpmime-4.5.5.jar:/workspace/m2-repository/org/fluentlenium/fluentlenium-core/0.10.2/fluentlenium-core-0.10.2.jar:/workspace/m2-repository/com/jhlabs/filters/2.0.235/filters-2.0.235.jar:/workspace/m2-repository/org/asciidoctor/asciidoctorj/1.5.6/asciidoctorj-1.5.6.jar:/workspace/m2-repository/org/jruby/jruby-complete/1.7.26/jruby-complete-1.7.26.jar:/workspace/m2-repository/org/imgscalr/imgscalr-lib/4.2/imgscalr-lib-4.2.jar:/workspace/m2-repository/javax/el/javax.el-api/2.2.4/javax.el-api-2.2.4.jar:/workspace/m2-repository/org/glassfish/web/javax.el/2.2.4/javax.el-2.2.4.jar:/workspace/m2-repository/xalan/xalan/2.7.2/xalan-2.7.2.jar:/workspace/m2-repository/xalan/serializer/2.7.2/serializer-2.7.2.jar:/workspace/m2-repository/org/awaitility/awaitility/4.0.1/awaitility-4.0.1.jar:/workspace/m2-repository/org/hamcrest/hamcrest/2.1/hamcrest-2.1.jar:/workspace/m2-repository/com/typesafe/config/1.3.1/config-1.3.1.jar:/workspace/m2-repository/org/jsoup/jsoup/1.10.3/jsoup-1.10.3.jar:/workspace/m2-repository/com/google/jimfs/jimfs/1.1/jimfs-1.1.jar:/workspace/m2-repository/com/vladsch/flexmark/flexmark-all/0.34.30/flexmark-all-0.34.30.jar:/workspace/m2-repository/com/vladsch/flexmark/flexmark/0.34.30/flexmark-0.34.30.jar:/workspace/m2-repository/com/vladsch/flexmark/flexmark-ext-abbreviation/0.34.30/flexmark-ext-abbreviation-0.34.30.jar:/workspace/m2-repository/com/vladsch/flexmark/flexmark-ext-admonition/0.34.30/flexmark-ext-admonition-0.34.30.jar:/workspace/m2-repository/com/vladsch/flexmark/flexmark-ext-anchorlink/0.34.30/flexmark-ext-anchorlink-0.34.30.jar:/workspace/m2-repository/com/vladsch/flexmark/flexmark-ext-aside/0.34.30/flexmark-ext-aside-0.34.30.jar:/workspace/m2-repository/com/vladsch/flexmark/flexmark-ext-attributes/0.34.30/flexmark-ext-attributes-0.34.30.jar:/workspace/m2-repository/com/vladsch/flexmark/flexmark-ext-autolink/0.34.30/flexmark-ext-autolink-0.34.30.jar:/workspace/m2-repository/org/nibor/autolink/autolink/0.6.0/autolink-0.6.0.jar:/workspace/m2-repository/com/vladsch/flexmark/flexmark-ext-definition/0.34.30/flexmark-ext-definition-0.34.30.jar:/workspace/m2-repository/com/vladsch/flexmark/flexmark-ext-emoji/0.34.30/flexmark-ext-emoji-0.34.30.jar:/workspace/m2-repository/com/vladsch/flexmark/flexmark-ext-enumerated-reference/0.34.30/flexmark-ext-enumerated-reference-0.34.30.jar:/workspace/m2-repository/com/vladsch/flexmark/flexmark-ext-escaped-character/0.34.30/flexmark-ext-escaped-character-0.34.30.jar:/workspace/m2-repository/com/vladsch/flexmark/flexmark-ext-footnotes/0.34.30/flexmark-ext-footnotes-0.34.30.jar:/workspace/m2-repository/com/vladsch/flexmark/flexmark-ext-gfm-issues/0.34.30/flexmark-ext-gfm-issues-0.34.30.jar:/workspace/m2-repository/com/vladsch/flexmark/flexmark-ext-gfm-strikethrough/0.34.30/flexmark-ext-gfm-strikethrough-0.34.30.jar:/workspace/m2-repository/com/vladsch/flexmark/flexmark-ext-gfm-tables/0.34.30/flexmark-ext-gfm-tables-0.34.30.jar:/workspace/m2-repository/com/vladsch/flexmark/flexmark-ext-gfm-tasklist/0.34.30/flexmark-ext-gfm-tasklist-0.34.30.jar:/workspace/m2-repository/com/vladsch/flexmark/flexmark-ext-gfm-users/0.34.30/flexmark-ext-gfm-users-0.34.30.jar:/workspace/m2-repository/com/vladsch/flexmark/flexmark-ext-gitlab/0.34.30/flexmark-ext-gitlab-0.34.30.jar:/workspace/m2-repository/com/vladsch/flexmark/flexmark-ext-jekyll-front-matter/0.34.30/flexmark-ext-jekyll-front-matter-0.34.30.jar:/workspace/m2-repository/com/vladsch/flexmark/flexmark-ext-jekyll-tag/0.34.30/flexmark-ext-jekyll-tag-0.34.30.jar:/workspace/m2-repository/com/vladsch/flexmark/flexmark-ext-media-tags/0.34.30/flexmark-ext-media-tags-0.34.30.jar:/workspace/m2-repository/com/vladsch/flexmark/flexmark-test-util/0.34.30/flexmark-test-util-0.34.30.jar:/workspace/m2-repository/junit/junit/4.12/junit-4.12.jar:/workspace/m2-repository/com/vladsch/flexmark/flexmark-ext-ins/0.34.30/flexmark-ext-ins-0.34.30.jar:/workspace/m2-repository/com/vladsch/flexmark/flexmark-ext-xwiki-macros/0.34.30/flexmark-ext-xwiki-macros-0.34.30.jar:/workspace/m2-repository/com/vladsch/flexmark/flexmark-ext-superscript/0.34.30/flexmark-ext-superscript-0.34.30.jar:/workspace/m2-repository/com/vladsch/flexmark/flexmark-ext-tables/0.34.30/flexmark-ext-tables-0.34.30.jar:/workspace/m2-repository/com/vladsch/flexmark/flexmark-ext-toc/0.34.30/flexmark-ext-toc-0.34.30.jar:/workspace/m2-repository/com/vladsch/flexmark/flexmark-ext-typographic/0.34.30/flexmark-ext-typographic-0.34.30.jar:/workspace/m2-repository/com/vladsch/flexmark/flexmark-ext-wikilink/0.34.30/flexmark-ext-wikilink-0.34.30.jar:/workspace/m2-repository/com/vladsch/flexmark/flexmark-ext-yaml-front-matter/0.34.30/flexmark-ext-yaml-front-matter-0.34.30.jar:/workspace/m2-repository/com/vladsch/flexmark/flexmark-ext-youtube-embedded/0.34.30/flexmark-ext-youtube-embedded-0.34.30.jar:/workspace/m2-repository/com/vladsch/flexmark/flexmark-formatter/0.34.30/flexmark-formatter-0.34.30.jar:/workspace/m2-repository/com/vladsch/flexmark/flexmark-html-parser/0.34.30/flexmark-html-parser-0.34.30.jar:/workspace/m2-repository/com/vladsch/flexmark/flexmark-jira-converter/0.34.30/flexmark-jira-converter-0.34.30.jar:/workspace/m2-repository/com/vladsch/flexmark/flexmark-pdf-converter/0.34.30/flexmark-pdf-converter-0.34.30.jar:/workspace/m2-repository/com/openhtmltopdf/openhtmltopdf-core/0.0.1-RC13/openhtmltopdf-core-0.0.1-RC13.jar:/workspace/m2-repository/com/openhtmltopdf/openhtmltopdf-pdfbox/0.0.1-RC13/openhtmltopdf-pdfbox-0.0.1-RC13.jar:/workspace/m2-repository/org/apache/pdfbox/pdfbox/2.0.8/pdfbox-2.0.8.jar:/workspace/m2-repository/org/apache/pdfbox/fontbox/2.0.8/fontbox-2.0.8.jar:/workspace/m2-repository/org/apache/pdfbox/xmpbox/2.0.8/xmpbox-2.0.8.jar:/workspace/m2-repository/de/rototor/pdfbox/graphics2d/0.12/graphics2d-0.12.jar:/workspace/m2-repository/com/openhtmltopdf/openhtmltopdf-rtl-support/0.0.1-RC13/openhtmltopdf-rtl-support-0.0.1-RC13.jar:/workspace/m2-repository/com/ibm/icu/icu4j/59.1/icu4j-59.1.jar:/workspace/m2-repository/com/openhtmltopdf/openhtmltopdf-jsoup-dom-converter/0.0.1-RC13/openhtmltopdf-jsoup-dom-converter-0.0.1-RC13.jar:/workspace/m2-repository/com/vladsch/flexmark/flexmark-profile-pegdown/0.34.30/flexmark-profile-pegdown-0.34.30.jar:/workspace/m2-repository/com/vladsch/flexmark/flexmark-util/0.34.30/flexmark-util-0.34.30.jar:/workspace/m2-repository/com/vladsch/flexmark/flexmark-youtrack-converter/0.34.30/flexmark-youtrack-converter-0.34.30.jar:/workspace/m2-repository/io/github/bonigarcia/webdrivermanager/4.1.0/webdrivermanager-4.1.0.jar:/workspace/m2-repository/org/apache/httpcomponents/client5/httpclient5/5.0.1/httpclient5-5.0.1.jar:/workspace/m2-repository/org/apache/httpcomponents/core5/httpcore5/5.0.1/httpcore5-5.0.1.jar:/workspace/m2-repository/org/apache/httpcomponents/core5/httpcore5-h2/5.0.1/httpcore5-h2-5.0.1.jar:/workspace/m2-repository/org/rauschig/jarchivelib/1.0.0/jarchivelib-1.0.0.jar:/workspace/m2-repository/org/apache/commons/commons-compress/1.18/commons-compress-1.18.jar:/workspace/m2-repository/org/slf4j/slf4j-api/1.7.25/slf4j-api-1.7.25.jar:/workspace/m2-repository/org/slf4j/slf4j-log4j12/1.7.5/slf4j-log4j12-1.7.5.jar:/workspace/m2-repository/log4j/log4j/1.2.17/log4j-1.2.17.jar:/workspace/m2-repository/org/apache/maven/plugins/maven-surefire-plugin/3.0.0-M1/maven-surefire-plugin-3.0.0-M1.jar:/workspace/m2-repository/org/apache/maven/surefire/maven-surefire-common/3.0.0-M1/maven-surefire-common-3.0.0-M1.jar:/workspace/m2-repository/org/apache/maven/surefire/surefire-api/3.0.0-M1/surefire-api-3.0.0-M1.jar:/workspace/m2-repository/org/apache/maven/surefire/surefire-logger-api/3.0.0-M1/surefire-logger-api-3.0.0-M1.jar:/workspace/m2-repository/org/apache/maven/surefire/surefire-booter/3.0.0-M1/surefire-booter-3.0.0-M1.jar:/workspace/m2-repository/org/apache/maven/maven-toolchain/3.0-alpha-2/maven-toolchain-3.0-alpha-2.jar:/workspace/m2-repository/org/apache/maven/maven-core/3.0-alpha-2/maven-core-3.0-alpha-2.jar:/workspace/m2-repository/org/apache/maven/maven-lifecycle/3.0-alpha-2/maven-lifecycle-3.0-alpha-2.jar:/workspace/m2-repository/org/apache/maven/maven-reporting-api/3.0-alpha-2/maven-reporting-api-3.0-alpha-2.jar:/workspace/m2-repository/org/apache/maven/doxia/doxia-sink-api/1.0-alpha-9/doxia-sink-api-1.0-alpha-9.jar:/workspace/m2-repository/org/apache/maven/maven-model/3.0-alpha-2/maven-model-3.0-alpha-2.jar:/workspace/m2-repository/org/apache/maven/maven-plugin-api/3.0-alpha-2/maven-plugin-api-3.0-alpha-2.jar:/workspace/m2-repository/org/codehaus/plexus/plexus-container-default/1.0-beta-3.0.5/plexus-container-default-1.0-beta-3.0.5.jar:/workspace/m2-repository/org/apache/xbean/xbean-reflect/3.4/xbean-reflect-3.4.jar:/workspace/m2-repository/commons-logging/commons-logging-api/1.1/commons-logging-api-1.1.jar:/workspace/m2-repository/com/google/code/google-collections/google-collect/snapshot-20080530/google-collect-snapshot-20080530.jar:/workspace/m2-repository/org/apache/maven/maven-project/3.0-alpha-2/maven-project-3.0-alpha-2.jar:/workspace/m2-repository/org/codehaus/woodstox/wstx-asl/3.2.6/wstx-asl-3.2.6.jar:/workspace/m2-repository/org/apache/maven/maven-project-builder/3.0-alpha-2/maven-project-builder-3.0-alpha-2.jar:/workspace/m2-repository/commons-cli/commons-cli/1.0/commons-cli-1.0.jar:/workspace/m2-repository/org/codehaus/plexus/plexus-interactivity-api/1.0-alpha-6/plexus-interactivity-api-1.0-alpha-6.jar:/workspace/m2-repository/org/codehaus/plexus/plexus-interpolation/1.1/plexus-interpolation-1.1.jar:/workspace/m2-repository/org/codehaus/plexus/plexus-utils/1.5.6/plexus-utils-1.5.6.jar:/workspace/m2-repository/org/codehaus/plexus/plexus-classworlds/1.3/plexus-classworlds-1.3.jar:/workspace/m2-repository/org/codehaus/plexus/plexus-component-annotations/1.0-beta-3.0.5/plexus-component-annotations-1.0-beta-3.0.5.jar:/workspace/m2-repository/org/sonatype/plexus/plexus-plugin-manager/1.0-alpha-1/plexus-plugin-manager-1.0-alpha-1.jar:/workspace/m2-repository/org/apache/maven/mercury/mercury-plexus/1.0.0-alpha-2/mercury-plexus-1.0.0-alpha-2.jar:/workspace/m2-repository/org/apache/maven/mercury/mercury-repo-remote-m2/1.0.0-alpha-2/mercury-repo-remote-m2-1.0.0-alpha-2.jar:/workspace/m2-repository/org/apache/maven/mercury/mercury-repo-api/1.0.0-alpha-2/mercury-repo-api-1.0.0-alpha-2.jar:/workspace/m2-repository/org/apache/maven/mercury/mercury-transport-api/1.0.0-alpha-2/mercury-transport-api-1.0.0-alpha-2.jar:/workspace/m2-repository/org/apache/maven/mercury/mercury-crypto-api/1.0.0-alpha-2/mercury-crypto-api-1.0.0-alpha-2.jar:/workspace/m2-repository/org/apache/maven/mercury/mercury-transport-http/1.0.0-alpha-2/mercury-transport-http-1.0.0-alpha-2.jar:/workspace/m2-repository/org/mortbay/jetty/jetty-client/6.1.12/jetty-client-6.1.12.jar:/workspace/m2-repository/org/mortbay/jetty/jetty-sslengine/6.1.12/jetty-sslengine-6.1.12.jar:/workspace/m2-repository/org/mortbay/jetty/jetty/6.1.12/jetty-6.1.12.jar:/workspace/m2-repository/org/mortbay/jetty/jetty-util/6.1.12/jetty-util-6.1.12.jar:/workspace/m2-repository/org/mortbay/jetty/servlet-api-2.5/6.1.12/servlet-api-2.5-6.1.12.jar:/workspace/m2-repository/org/apache/maven/mercury/mercury-crypto-basic/1.0.0-alpha-2/mercury-crypto-basic-1.0.0-alpha-2.jar:/workspace/m2-repository/bouncycastle/bcprov-jdk15/140/bcprov-jdk15-140.jar:/workspace/m2-repository/bouncycastle/bcpg-jdk15/140/bcpg-jdk15-140.jar:/workspace/m2-repository/org/apache/maven/mercury/mercury-md-shared/1.0.0-alpha-2/mercury-md-shared-1.0.0-alpha-2.jar:/workspace/m2-repository/org/apache/maven/mercury/mercury-util/1.0.0-alpha-2/mercury-util-1.0.0-alpha-2.jar:/workspace/m2-repository/org/apache/maven/mercury/mercury-repo-local-m2/1.0.0-alpha-2/mercury-repo-local-m2-1.0.0-alpha-2.jar:/workspace/m2-repository/org/apache/maven/mercury/mercury-repo-virtual/1.0.0-alpha-2/mercury-repo-virtual-1.0.0-alpha-2.jar:/workspace/m2-repository/org/apache/maven/mercury/mercury-repo-cache-fs/1.0.0-alpha-2/mercury-repo-cache-fs-1.0.0-alpha-2.jar:/workspace/m2-repository/org/apache/maven/mercury/mercury-md-sat/1.0.0-alpha-2/mercury-md-sat-1.0.0-alpha-2.jar:/workspace/m2-repository/org/sat4j/org.sat4j.core/2.0.4/org.sat4j.core-2.0.4.jar:/workspace/m2-repository/org/sat4j/org.sat4j.pb/2.0.4/org.sat4j.pb-2.0.4.jar:/workspace/m2-repository/org/apache/maven/mercury/mercury-event/1.0.0-alpha-2/mercury-event-1.0.0-alpha-2.jar:/workspace/m2-repository/org/apache/maven/mercury/mercury-logging/1.0.0-alpha-2/mercury-logging-1.0.0-alpha-2.jar:/workspace/m2-repository/org/codehaus/plexus/plexus-lang/1.1/plexus-lang-1.1.jar:/workspace/m2-repository/org/slf4j/slf4j-jdk14/1.5.3/slf4j-jdk14-1.5.3.jar:/workspace/m2-repository/org/apache/maven/maven-mercury/3.0-alpha-2/maven-mercury-3.0-alpha-2.jar:/workspace/m2-repository/org/apache/maven/mercury/mercury-artifact/1.0.0-alpha-2/mercury-artifact-1.0.0-alpha-2.jar:/workspace/m2-repository/org/apache/maven/mercury/mercury-external/1.0.0-alpha-2/mercury-external-1.0.0-alpha-2.jar:/workspace/m2-repository/org/sonatype/spice/model-builder/1.3/model-builder-1.3.jar:/workspace/m2-repository/stax/stax-api/1.0.1/stax-api-1.0.1.jar:/workspace/m2-repository/org/apache/maven/maven-compat/3.0-alpha-2/maven-compat-3.0-alpha-2.jar:/workspace/m2-repository/org/apache/maven/wagon/wagon-provider-api/1.0-beta-4/wagon-provider-api-1.0-beta-4.jar:/workspace/m2-repository/org/codehaus/plexus/plexus-java/0.9.11/plexus-java-0.9.11.jar:/workspace/m2-repository/com/thoughtworks/qdox/qdox/2.0-M9/qdox-2.0-M9.jar:/workspace/m2-repository/org/seleniumhq/selenium/selenium-java/4.0.0-alpha-6/selenium-java-4.0.0-alpha-6.jar:/workspace/m2-repository/org/seleniumhq/selenium/selenium-edgehtml-driver/4.0.0-alpha-6/selenium-edgehtml-driver-4.0.0-alpha-6.jar:/workspace/m2-repository/org/seleniumhq/selenium/selenium-firefox-driver/4.0.0-alpha-6/selenium-firefox-driver-4.0.0-alpha-6.jar:/workspace/m2-repository/org/seleniumhq/selenium/selenium-firefox-xpi-driver/4.0.0-alpha-6/selenium-firefox-xpi-driver-4.0.0-alpha-6.jar:/workspace/m2-repository/org/seleniumhq/selenium/selenium-ie-driver/4.0.0-alpha-6/selenium-ie-driver-4.0.0-alpha-6.jar:/workspace/m2-repository/org/seleniumhq/selenium/selenium-chrome-driver/4.0.0-alpha-6/selenium-chrome-driver-4.0.0-alpha-6.jar:/workspace/m2-repository/com/google/auto/service/auto-service-annotations/1.0-rc6/auto-service-annotations-1.0-rc6.jar:/workspace/m2-repository/com/google/auto/service/auto-service/1.0-rc6/auto-service-1.0-rc6.jar:/workspace/m2-repository/com/google/auto/auto-common/0.10/auto-common-0.10.jar:/workspace/m2-repository/org/seleniumhq/selenium/selenium-chromium-driver/4.0.0-alpha-6/selenium-chromium-driver-4.0.0-alpha-6.jar:/workspace/m2-repository/org/seleniumhq/selenium/selenium-devtools/4.0.0-alpha-6/selenium-devtools-4.0.0-alpha-6.jar:/workspace/m2-repository/org/seleniumhq/selenium/selenium-http/4.0.0-alpha-6/selenium-http-4.0.0-alpha-6.jar:/workspace/m2-repository/org/seleniumhq/selenium/selenium-json/4.0.0-alpha-6/selenium-json-4.0.0-alpha-6.jar:"/>
    <property name="java.vm.vendor" value="Azul Systems, Inc."/>
    <property name="sun.arch.data.model" value="64"/>
    <property name="java.vendor.url" value="http://www.azul.com/"/>
    <property name="user.timezone" value=""/>
    <property name="java.vm.specification.version" value="11"/>
    <property name="os.name" value="Linux"/>
    <property name="sun.java.launcher" value="SUN_STANDARD"/>
    <property name="user.country" value="US"/>
    <property name="sun.boot.library.path" value="/home/gitpod/.sdkman/candidates/java/11.0.13.fx-zulu/lib"/>
    <property name="sun.java.command" value="/workspace/LambdaTestNG-Certification/target/surefire/surefirebooter9436718783698961309.jar /workspace/LambdaTestNG-Certification/target/surefire 2021-12-11T17-56-46_093-jvmRun1 surefire6727284011045894955tmp surefire_014471731511636916040tmp"/>
    <property name="jdk.debug" value="release"/>
    <property name="surefire.test.class.path" value="/workspace/LambdaTestNG-Certification/target/test-classes:/workspace/LambdaTestNG-Certification/target/classes:/workspace/m2-repository/org/testng/testng/7.0.0/testng-7.0.0.jar:/workspace/m2-repository/com/beust/jcommander/1.72/jcommander-1.72.jar:/workspace/m2-repository/net/serenity-bdd/serenity-core/2.3.4/serenity-core-2.3.4.jar:/workspace/m2-repository/net/bytebuddy/byte-buddy/1.10.1/byte-buddy-1.10.1.jar:/workspace/m2-repository/net/bytebuddy/byte-buddy-agent/1.10.1/byte-buddy-agent-1.10.1.jar:/workspace/m2-repository/com/google/guava/guava/25.0-jre/guava-25.0-jre.jar:/workspace/m2-repository/com/google/code/findbugs/jsr305/1.3.9/jsr305-1.3.9.jar:/workspace/m2-repository/org/checkerframework/checker-compat-qual/2.0.0/checker-compat-qual-2.0.0.jar:/workspace/m2-repository/com/google/errorprone/error_prone_annotations/2.1.3/error_prone_annotations-2.1.3.jar:/workspace/m2-repository/com/google/j2objc/j2objc-annotations/1.1/j2objc-annotations-1.1.jar:/workspace/m2-repository/org/codehaus/mojo/animal-sniffer-annotations/1.14/animal-sniffer-annotations-1.14.jar:/workspace/m2-repository/com/google/inject/guice/4.2.2/guice-4.2.2.jar:/workspace/m2-repository/javax/inject/javax.inject/1/javax.inject-1.jar:/workspace/m2-repository/aopalliance/aopalliance/1.0/aopalliance-1.0.jar:/workspace/m2-repository/org/ow2/asm/asm/7.2/asm-7.2.jar:/workspace/m2-repository/commons-codec/commons-codec/1.10/commons-codec-1.10.jar:/workspace/m2-repository/org/objenesis/objenesis/3.0.1/objenesis-3.0.1.jar:/workspace/m2-repository/xml-apis/xml-apis/1.4.01/xml-apis-1.4.01.jar:/workspace/m2-repository/io/cucumber/cucumber-core/6.6.0/cucumber-core-6.6.0.jar:/workspace/m2-repository/io/cucumber/cucumber-gherkin/6.6.0/cucumber-gherkin-6.6.0.jar:/workspace/m2-repository/io/cucumber/cucumber-gherkin-messages/6.6.0/cucumber-gherkin-messages-6.6.0.jar:/workspace/m2-repository/io/cucumber/messages/13.0.1/messages-13.0.1.jar:/workspace/m2-repository/io/cucumber/tag-expressions/3.0.0/tag-expressions-3.0.0.jar:/workspace/m2-repository/io/cucumber/cucumber-expressions/10.3.0/cucumber-expressions-10.3.0.jar:/workspace/m2-repository/io/cucumber/datatable/3.4.0/datatable-3.4.0.jar:/workspace/m2-repository/io/cucumber/cucumber-plugin/6.6.0/cucumber-plugin-6.6.0.jar:/workspace/m2-repository/io/cucumber/docstring/6.6.0/docstring-6.6.0.jar:/workspace/m2-repository/io/cucumber/html-formatter/9.0.0/html-formatter-9.0.0.jar:/workspace/m2-repository/io/cucumber/create-meta/2.0.1/create-meta-2.0.1.jar:/workspace/m2-repository/io/cucumber/cucumber-java/6.6.0/cucumber-java-6.6.0.jar:/workspace/m2-repository/commons-logging/commons-logging/1.2/commons-logging-1.2.jar:/workspace/m2-repository/io/vavr/vavr/0.9.0/vavr-0.9.0.jar:/workspace/m2-repository/io/vavr/vavr-match/0.9.0/vavr-match-0.9.0.jar:/workspace/m2-repository/javax/xml/bind/jaxb-api/2.2.12/jaxb-api-2.2.12.jar:/workspace/m2-repository/com/sun/xml/bind/jaxb-core/2.3.0.1/jaxb-core-2.3.0.1.jar:/workspace/m2-repository/com/sun/xml/bind/jaxb-impl/2.3.0.1/jaxb-impl-2.3.0.1.jar:/workspace/m2-repository/javax/activation/activation/1.1.1/activation-1.1.1.jar:/workspace/m2-repository/org/mockito/mockito-core/3.1.0/mockito-core-3.1.0.jar:/workspace/m2-repository/net/serenity-bdd/serenity-report-resources/2.3.4/serenity-report-resources-2.3.4.jar:/workspace/m2-repository/net/serenity-bdd/serenity-model/2.3.4/serenity-model-2.3.4.jar:/workspace/m2-repository/commons-net/commons-net/3.6/commons-net-3.6.jar:/workspace/m2-repository/org/apache/commons/commons-text/1.6/commons-text-1.6.jar:/workspace/m2-repository/org/reflections/reflections/0.9.11/reflections-0.9.11.jar:/workspace/m2-repository/org/javassist/javassist/3.21.0-GA/javassist-3.21.0-GA.jar:/workspace/m2-repository/es/nitaur/markdown/txtmark/0.16/txtmark-0.16.jar:/workspace/m2-repository/net/serenity-bdd/serenity-reports/2.3.4/serenity-reports-2.3.4.jar:/workspace/m2-repository/net/serenity-bdd/serenity-stats/2.3.4/serenity-stats-2.3.4.jar:/workspace/m2-repository/org/jetbrains/kotlin/kotlin-stdlib/1.3.31/kotlin-stdlib-1.3.31.jar:/workspace/m2-repository/org/jetbrains/kotlin/kotlin-stdlib-common/1.3.31/kotlin-stdlib-common-1.3.31.jar:/workspace/m2-repository/org/jetbrains/annotations/13.0/annotations-13.0.jar:/workspace/m2-repository/com/google/code/gson/gson/2.8.6/gson-2.8.6.jar:/workspace/m2-repository/commons-io/commons-io/2.6/commons-io-2.6.jar:/workspace/m2-repository/org/seleniumhq/selenium/selenium-server/3.141.59/selenium-server-3.141.59.jar:/workspace/m2-repository/org/apache/commons/commons-exec/1.3/commons-exec-1.3.jar:/workspace/m2-repository/net/jcip/jcip-annotations/1.0/jcip-annotations-1.0.jar:/workspace/m2-repository/org/seleniumhq/selenium/jetty-repacked/9.4.12.v20180830/jetty-repacked-9.4.12.v20180830.jar:/workspace/m2-repository/com/squareup/okhttp3/okhttp/3.11.0/okhttp-3.11.0.jar:/workspace/m2-repository/com/squareup/okio/okio/1.14.0/okio-1.14.0.jar:/workspace/m2-repository/javax/servlet/javax.servlet-api/3.1.0/javax.servlet-api-3.1.0.jar:/workspace/m2-repository/org/yaml/snakeyaml/1.19/snakeyaml-1.19.jar:/workspace/m2-repository/org/seleniumhq/selenium/selenium-api/3.141.59/selenium-api-3.141.59.jar:/workspace/m2-repository/org/seleniumhq/selenium/selenium-edge-driver/3.141.59/selenium-edge-driver-3.141.59.jar:/workspace/m2-repository/org/seleniumhq/selenium/selenium-remote-driver/3.141.59/selenium-remote-driver-3.141.59.jar:/workspace/m2-repository/org/seleniumhq/selenium/selenium-safari-driver/3.141.59/selenium-safari-driver-3.141.59.jar:/workspace/m2-repository/org/seleniumhq/selenium/selenium-opera-driver/3.141.59/selenium-opera-driver-3.141.59.jar:/workspace/m2-repository/org/seleniumhq/selenium/selenium-support/3.141.59/selenium-support-3.141.59.jar:/workspace/m2-repository/com/paulhammant/ngwebdriver/1.1.5/ngwebdriver-1.1.5.jar:/workspace/m2-repository/com/assertthat/selenium-shutterbug/0.9.3/selenium-shutterbug-0.9.3.jar:/workspace/m2-repository/org/projectlombok/lombok/1.18.8/lombok-1.18.8.jar:/workspace/m2-repository/com/github/zafarkhaja/java-semver/0.9.0/java-semver-0.9.0.jar:/workspace/m2-repository/com/codeborne/phantomjsdriver/1.4.4/phantomjsdriver-1.4.4.jar:/workspace/m2-repository/org/seleniumhq/selenium/htmlunit-driver/2.37.0/htmlunit-driver-2.37.0.jar:/workspace/m2-repository/io/appium/java-client/7.3.0/java-client-7.3.0.jar:/workspace/m2-repository/commons-validator/commons-validator/1.6/commons-validator-1.6.jar:/workspace/m2-repository/commons-beanutils/commons-beanutils/1.9.2/commons-beanutils-1.9.2.jar:/workspace/m2-repository/commons-digester/commons-digester/1.8.1/commons-digester-1.8.1.jar:/workspace/m2-repository/org/aspectj/aspectjweaver/1.9.4/aspectjweaver-1.9.4.jar:/workspace/m2-repository/org/springframework/spring-context-support/5.1.2.RELEASE/spring-context-support-5.1.2.RELEASE.jar:/workspace/m2-repository/org/springframework/spring-beans/5.1.2.RELEASE/spring-beans-5.1.2.RELEASE.jar:/workspace/m2-repository/org/springframework/spring-context/5.1.2.RELEASE/spring-context-5.1.2.RELEASE.jar:/workspace/m2-repository/org/springframework/spring-aop/5.1.2.RELEASE/spring-aop-5.1.2.RELEASE.jar:/workspace/m2-repository/org/springframework/spring-expression/5.1.2.RELEASE/spring-expression-5.1.2.RELEASE.jar:/workspace/m2-repository/org/springframework/spring-core/5.1.2.RELEASE/spring-core-5.1.2.RELEASE.jar:/workspace/m2-repository/org/springframework/spring-jcl/5.1.2.RELEASE/spring-jcl-5.1.2.RELEASE.jar:/workspace/m2-repository/org/codehaus/groovy/groovy/2.5.5/groovy-2.5.5.jar:/workspace/m2-repository/net/sf/opencsv/opencsv/2.0/opencsv-2.0.jar:/workspace/m2-repository/commons-beanutils/commons-beanutils-core/1.8.3/commons-beanutils-core-1.8.3.jar:/workspace/m2-repository/joda-time/joda-time/2.7/joda-time-2.7.jar:/workspace/m2-repository/com/thoughtworks/xstream/xstream/1.4.9/xstream-1.4.9.jar:/workspace/m2-repository/xmlpull/xmlpull/1.1.3.1/xmlpull-1.1.3.1.jar:/workspace/m2-repository/xpp3/xpp3_min/1.1.4c/xpp3_min-1.1.4c.jar:/workspace/m2-repository/org/apache/commons/commons-lang3/3.8.1/commons-lang3-3.8.1.jar:/workspace/m2-repository/commons-collections/commons-collections/3.2.2/commons-collections-3.2.2.jar:/workspace/m2-repository/org/freemarker/freemarker/2.3.29/freemarker-2.3.29.jar:/workspace/m2-repository/net/sourceforge/jexcelapi/jxl/2.6.12/jxl-2.6.12.jar:/workspace/m2-repository/org/hamcrest/hamcrest-core/1.3/hamcrest-core-1.3.jar:/workspace/m2-repository/org/hamcrest/hamcrest-library/1.3/hamcrest-library-1.3.jar:/workspace/m2-repository/net/sourceforge/htmlunit/htmlunit/2.37.0/htmlunit-2.37.0.jar:/workspace/m2-repository/net/sourceforge/htmlunit/htmlunit-core-js/2.37.0/htmlunit-core-js-2.37.0.jar:/workspace/m2-repository/net/sourceforge/htmlunit/neko-htmlunit/2.37.0/neko-htmlunit-2.37.0.jar:/workspace/m2-repository/xerces/xercesImpl/2.12.0/xercesImpl-2.12.0.jar:/workspace/m2-repository/net/sourceforge/htmlunit/htmlunit-cssparser/1.5.0/htmlunit-cssparser-1.5.0.jar:/workspace/m2-repository/org/brotli/dec/0.1.2/dec-0.1.2.jar:/workspace/m2-repository/org/eclipse/jetty/websocket/websocket-client/9.4.26.v20200117/websocket-client-9.4.26.v20200117.jar:/workspace/m2-repository/org/eclipse/jetty/jetty-client/9.4.26.v20200117/jetty-client-9.4.26.v20200117.jar:/workspace/m2-repository/org/eclipse/jetty/jetty-http/9.4.26.v20200117/jetty-http-9.4.26.v20200117.jar:/workspace/m2-repository/org/eclipse/jetty/jetty-xml/9.4.26.v20200117/jetty-xml-9.4.26.v20200117.jar:/workspace/m2-repository/org/eclipse/jetty/jetty-util/9.4.26.v20200117/jetty-util-9.4.26.v20200117.jar:/workspace/m2-repository/org/eclipse/jetty/jetty-io/9.4.26.v20200117/jetty-io-9.4.26.v20200117.jar:/workspace/m2-repository/org/eclipse/jetty/websocket/websocket-common/9.4.26.v20200117/websocket-common-9.4.26.v20200117.jar:/workspace/m2-repository/org/eclipse/jetty/websocket/websocket-api/9.4.26.v20200117/websocket-api-9.4.26.v20200117.jar:/workspace/m2-repository/org/apache/httpcomponents/httpclient/4.5.5/httpclient-4.5.5.jar:/workspace/m2-repository/org/apache/httpcomponents/httpcore/4.4.9/httpcore-4.4.9.jar:/workspace/m2-repository/org/apache/httpcomponents/httpmime/4.5.5/httpmime-4.5.5.jar:/workspace/m2-repository/org/fluentlenium/fluentlenium-core/0.10.2/fluentlenium-core-0.10.2.jar:/workspace/m2-repository/com/jhlabs/filters/2.0.235/filters-2.0.235.jar:/workspace/m2-repository/org/asciidoctor/asciidoctorj/1.5.6/asciidoctorj-1.5.6.jar:/workspace/m2-repository/org/jruby/jruby-complete/1.7.26/jruby-complete-1.7.26.jar:/workspace/m2-repository/org/imgscalr/imgscalr-lib/4.2/imgscalr-lib-4.2.jar:/workspace/m2-repository/javax/el/javax.el-api/2.2.4/javax.el-api-2.2.4.jar:/workspace/m2-repository/org/glassfish/web/javax.el/2.2.4/javax.el-2.2.4.jar:/workspace/m2-repository/xalan/xalan/2.7.2/xalan-2.7.2.jar:/workspace/m2-repository/xalan/serializer/2.7.2/serializer-2.7.2.jar:/workspace/m2-repository/org/awaitility/awaitility/4.0.1/awaitility-4.0.1.jar:/workspace/m2-repository/org/hamcrest/hamcrest/2.1/hamcrest-2.1.jar:/workspace/m2-repository/com/typesafe/config/1.3.1/config-1.3.1.jar:/workspace/m2-repository/org/jsoup/jsoup/1.10.3/jsoup-1.10.3.jar:/workspace/m2-repository/com/google/jimfs/jimfs/1.1/jimfs-1.1.jar:/workspace/m2-repository/com/vladsch/flexmark/flexmark-all/0.34.30/flexmark-all-0.34.30.jar:/workspace/m2-repository/com/vladsch/flexmark/flexmark/0.34.30/flexmark-0.34.30.jar:/workspace/m2-repository/com/vladsch/flexmark/flexmark-ext-abbreviation/0.34.30/flexmark-ext-abbreviation-0.34.30.jar:/workspace/m2-repository/com/vladsch/flexmark/flexmark-ext-admonition/0.34.30/flexmark-ext-admonition-0.34.30.jar:/workspace/m2-repository/com/vladsch/flexmark/flexmark-ext-anchorlink/0.34.30/flexmark-ext-anchorlink-0.34.30.jar:/workspace/m2-repository/com/vladsch/flexmark/flexmark-ext-aside/0.34.30/flexmark-ext-aside-0.34.30.jar:/workspace/m2-repository/com/vladsch/flexmark/flexmark-ext-attributes/0.34.30/flexmark-ext-attributes-0.34.30.jar:/workspace/m2-repository/com/vladsch/flexmark/flexmark-ext-autolink/0.34.30/flexmark-ext-autolink-0.34.30.jar:/workspace/m2-repository/org/nibor/autolink/autolink/0.6.0/autolink-0.6.0.jar:/workspace/m2-repository/com/vladsch/flexmark/flexmark-ext-definition/0.34.30/flexmark-ext-definition-0.34.30.jar:/workspace/m2-repository/com/vladsch/flexmark/flexmark-ext-emoji/0.34.30/flexmark-ext-emoji-0.34.30.jar:/workspace/m2-repository/com/vladsch/flexmark/flexmark-ext-enumerated-reference/0.34.30/flexmark-ext-enumerated-reference-0.34.30.jar:/workspace/m2-repository/com/vladsch/flexmark/flexmark-ext-escaped-character/0.34.30/flexmark-ext-escaped-character-0.34.30.jar:/workspace/m2-repository/com/vladsch/flexmark/flexmark-ext-footnotes/0.34.30/flexmark-ext-footnotes-0.34.30.jar:/workspace/m2-repository/com/vladsch/flexmark/flexmark-ext-gfm-issues/0.34.30/flexmark-ext-gfm-issues-0.34.30.jar:/workspace/m2-repository/com/vladsch/flexmark/flexmark-ext-gfm-strikethrough/0.34.30/flexmark-ext-gfm-strikethrough-0.34.30.jar:/workspace/m2-repository/com/vladsch/flexmark/flexmark-ext-gfm-tables/0.34.30/flexmark-ext-gfm-tables-0.34.30.jar:/workspace/m2-repository/com/vladsch/flexmark/flexmark-ext-gfm-tasklist/0.34.30/flexmark-ext-gfm-tasklist-0.34.30.jar:/workspace/m2-repository/com/vladsch/flexmark/flexmark-ext-gfm-users/0.34.30/flexmark-ext-gfm-users-0.34.30.jar:/workspace/m2-repository/com/vladsch/flexmark/flexmark-ext-gitlab/0.34.30/flexmark-ext-gitlab-0.34.30.jar:/workspace/m2-repository/com/vladsch/flexmark/flexmark-ext-jekyll-front-matter/0.34.30/flexmark-ext-jekyll-front-matter-0.34.30.jar:/workspace/m2-repository/com/vladsch/flexmark/flexmark-ext-jekyll-tag/0.34.30/flexmark-ext-jekyll-tag-0.34.30.jar:/workspace/m2-repository/com/vladsch/flexmark/flexmark-ext-media-tags/0.34.30/flexmark-ext-media-tags-0.34.30.jar:/workspace/m2-repository/com/vladsch/flexmark/flexmark-test-util/0.34.30/flexmark-test-util-0.34.30.jar:/workspace/m2-repository/junit/junit/4.12/junit-4.12.jar:/workspace/m2-repository/com/vladsch/flexmark/flexmark-ext-ins/0.34.30/flexmark-ext-ins-0.34.30.jar:/workspace/m2-repository/com/vladsch/flexmark/flexmark-ext-xwiki-macros/0.34.30/flexmark-ext-xwiki-macros-0.34.30.jar:/workspace/m2-repository/com/vladsch/flexmark/flexmark-ext-superscript/0.34.30/flexmark-ext-superscript-0.34.30.jar:/workspace/m2-repository/com/vladsch/flexmark/flexmark-ext-tables/0.34.30/flexmark-ext-tables-0.34.30.jar:/workspace/m2-repository/com/vladsch/flexmark/flexmark-ext-toc/0.34.30/flexmark-ext-toc-0.34.30.jar:/workspace/m2-repository/com/vladsch/flexmark/flexmark-ext-typographic/0.34.30/flexmark-ext-typographic-0.34.30.jar:/workspace/m2-repository/com/vladsch/flexmark/flexmark-ext-wikilink/0.34.30/flexmark-ext-wikilink-0.34.30.jar:/workspace/m2-repository/com/vladsch/flexmark/flexmark-ext-yaml-front-matter/0.34.30/flexmark-ext-yaml-front-matter-0.34.30.jar:/workspace/m2-repository/com/vladsch/flexmark/flexmark-ext-youtube-embedded/0.34.30/flexmark-ext-youtube-embedded-0.34.30.jar:/workspace/m2-repository/com/vladsch/flexmark/flexmark-formatter/0.34.30/flexmark-formatter-0.34.30.jar:/workspace/m2-repository/com/vladsch/flexmark/flexmark-html-parser/0.34.30/flexmark-html-parser-0.34.30.jar:/workspace/m2-repository/com/vladsch/flexmark/flexmark-jira-converter/0.34.30/flexmark-jira-converter-0.34.30.jar:/workspace/m2-repository/com/vladsch/flexmark/flexmark-pdf-converter/0.34.30/flexmark-pdf-converter-0.34.30.jar:/workspace/m2-repository/com/openhtmltopdf/openhtmltopdf-core/0.0.1-RC13/openhtmltopdf-core-0.0.1-RC13.jar:/workspace/m2-repository/com/openhtmltopdf/openhtmltopdf-pdfbox/0.0.1-RC13/openhtmltopdf-pdfbox-0.0.1-RC13.jar:/workspace/m2-repository/org/apache/pdfbox/pdfbox/2.0.8/pdfbox-2.0.8.jar:/workspace/m2-repository/org/apache/pdfbox/fontbox/2.0.8/fontbox-2.0.8.jar:/workspace/m2-repository/org/apache/pdfbox/xmpbox/2.0.8/xmpbox-2.0.8.jar:/workspace/m2-repository/de/rototor/pdfbox/graphics2d/0.12/graphics2d-0.12.jar:/workspace/m2-repository/com/openhtmltopdf/openhtmltopdf-rtl-support/0.0.1-RC13/openhtmltopdf-rtl-support-0.0.1-RC13.jar:/workspace/m2-repository/com/ibm/icu/icu4j/59.1/icu4j-59.1.jar:/workspace/m2-repository/com/openhtmltopdf/openhtmltopdf-jsoup-dom-converter/0.0.1-RC13/openhtmltopdf-jsoup-dom-converter-0.0.1-RC13.jar:/workspace/m2-repository/com/vladsch/flexmark/flexmark-profile-pegdown/0.34.30/flexmark-profile-pegdown-0.34.30.jar:/workspace/m2-repository/com/vladsch/flexmark/flexmark-util/0.34.30/flexmark-util-0.34.30.jar:/workspace/m2-repository/com/vladsch/flexmark/flexmark-youtrack-converter/0.34.30/flexmark-youtrack-converter-0.34.30.jar:/workspace/m2-repository/io/github/bonigarcia/webdrivermanager/4.1.0/webdrivermanager-4.1.0.jar:/workspace/m2-repository/org/apache/httpcomponents/client5/httpclient5/5.0.1/httpclient5-5.0.1.jar:/workspace/m2-repository/org/apache/httpcomponents/core5/httpcore5/5.0.1/httpcore5-5.0.1.jar:/workspace/m2-repository/org/apache/httpcomponents/core5/httpcore5-h2/5.0.1/httpcore5-h2-5.0.1.jar:/workspace/m2-repository/org/rauschig/jarchivelib/1.0.0/jarchivelib-1.0.0.jar:/workspace/m2-repository/org/apache/commons/commons-compress/1.18/commons-compress-1.18.jar:/workspace/m2-repository/org/slf4j/slf4j-api/1.7.25/slf4j-api-1.7.25.jar:/workspace/m2-repository/org/slf4j/slf4j-log4j12/1.7.5/slf4j-log4j12-1.7.5.jar:/workspace/m2-repository/log4j/log4j/1.2.17/log4j-1.2.17.jar:/workspace/m2-repository/org/apache/maven/plugins/maven-surefire-plugin/3.0.0-M1/maven-surefire-plugin-3.0.0-M1.jar:/workspace/m2-repository/org/apache/maven/surefire/maven-surefire-common/3.0.0-M1/maven-surefire-common-3.0.0-M1.jar:/workspace/m2-repository/org/apache/maven/surefire/surefire-api/3.0.0-M1/surefire-api-3.0.0-M1.jar:/workspace/m2-repository/org/apache/maven/surefire/surefire-logger-api/3.0.0-M1/surefire-logger-api-3.0.0-M1.jar:/workspace/m2-repository/org/apache/maven/surefire/surefire-booter/3.0.0-M1/surefire-booter-3.0.0-M1.jar:/workspace/m2-repository/org/apache/maven/maven-toolchain/3.0-alpha-2/maven-toolchain-3.0-alpha-2.jar:/workspace/m2-repository/org/apache/maven/maven-core/3.0-alpha-2/maven-core-3.0-alpha-2.jar:/workspace/m2-repository/org/apache/maven/maven-lifecycle/3.0-alpha-2/maven-lifecycle-3.0-alpha-2.jar:/workspace/m2-repository/org/apache/maven/maven-reporting-api/3.0-alpha-2/maven-reporting-api-3.0-alpha-2.jar:/workspace/m2-repository/org/apache/maven/doxia/doxia-sink-api/1.0-alpha-9/doxia-sink-api-1.0-alpha-9.jar:/workspace/m2-repository/org/apache/maven/maven-model/3.0-alpha-2/maven-model-3.0-alpha-2.jar:/workspace/m2-repository/org/apache/maven/maven-plugin-api/3.0-alpha-2/maven-plugin-api-3.0-alpha-2.jar:/workspace/m2-repository/org/codehaus/plexus/plexus-container-default/1.0-beta-3.0.5/plexus-container-default-1.0-beta-3.0.5.jar:/workspace/m2-repository/org/apache/xbean/xbean-reflect/3.4/xbean-reflect-3.4.jar:/workspace/m2-repository/commons-logging/commons-logging-api/1.1/commons-logging-api-1.1.jar:/workspace/m2-repository/com/google/code/google-collections/google-collect/snapshot-20080530/google-collect-snapshot-20080530.jar:/workspace/m2-repository/org/apache/maven/maven-project/3.0-alpha-2/maven-project-3.0-alpha-2.jar:/workspace/m2-repository/org/codehaus/woodstox/wstx-asl/3.2.6/wstx-asl-3.2.6.jar:/workspace/m2-repository/org/apache/maven/maven-project-builder/3.0-alpha-2/maven-project-builder-3.0-alpha-2.jar:/workspace/m2-repository/commons-cli/commons-cli/1.0/commons-cli-1.0.jar:/workspace/m2-repository/org/codehaus/plexus/plexus-interactivity-api/1.0-alpha-6/plexus-interactivity-api-1.0-alpha-6.jar:/workspace/m2-repository/org/codehaus/plexus/plexus-interpolation/1.1/plexus-interpolation-1.1.jar:/workspace/m2-repository/org/codehaus/plexus/plexus-utils/1.5.6/plexus-utils-1.5.6.jar:/workspace/m2-repository/org/codehaus/plexus/plexus-classworlds/1.3/plexus-classworlds-1.3.jar:/workspace/m2-repository/org/codehaus/plexus/plexus-component-annotations/1.0-beta-3.0.5/plexus-component-annotations-1.0-beta-3.0.5.jar:/workspace/m2-repository/org/sonatype/plexus/plexus-plugin-manager/1.0-alpha-1/plexus-plugin-manager-1.0-alpha-1.jar:/workspace/m2-repository/org/apache/maven/mercury/mercury-plexus/1.0.0-alpha-2/mercury-plexus-1.0.0-alpha-2.jar:/workspace/m2-repository/org/apache/maven/mercury/mercury-repo-remote-m2/1.0.0-alpha-2/mercury-repo-remote-m2-1.0.0-alpha-2.jar:/workspace/m2-repository/org/apache/maven/mercury/mercury-repo-api/1.0.0-alpha-2/mercury-repo-api-1.0.0-alpha-2.jar:/workspace/m2-repository/org/apache/maven/mercury/mercury-transport-api/1.0.0-alpha-2/mercury-transport-api-1.0.0-alpha-2.jar:/workspace/m2-repository/org/apache/maven/mercury/mercury-crypto-api/1.0.0-alpha-2/mercury-crypto-api-1.0.0-alpha-2.jar:/workspace/m2-repository/org/apache/maven/mercury/mercury-transport-http/1.0.0-alpha-2/mercury-transport-http-1.0.0-alpha-2.jar:/workspace/m2-repository/org/mortbay/jetty/jetty-client/6.1.12/jetty-client-6.1.12.jar:/workspace/m2-repository/org/mortbay/jetty/jetty-sslengine/6.1.12/jetty-sslengine-6.1.12.jar:/workspace/m2-repository/org/mortbay/jetty/jetty/6.1.12/jetty-6.1.12.jar:/workspace/m2-repository/org/mortbay/jetty/jetty-util/6.1.12/jetty-util-6.1.12.jar:/workspace/m2-repository/org/mortbay/jetty/servlet-api-2.5/6.1.12/servlet-api-2.5-6.1.12.jar:/workspace/m2-repository/org/apache/maven/mercury/mercury-crypto-basic/1.0.0-alpha-2/mercury-crypto-basic-1.0.0-alpha-2.jar:/workspace/m2-repository/bouncycastle/bcprov-jdk15/140/bcprov-jdk15-140.jar:/workspace/m2-repository/bouncycastle/bcpg-jdk15/140/bcpg-jdk15-140.jar:/workspace/m2-repository/org/apache/maven/mercury/mercury-md-shared/1.0.0-alpha-2/mercury-md-shared-1.0.0-alpha-2.jar:/workspace/m2-repository/org/apache/maven/mercury/mercury-util/1.0.0-alpha-2/mercury-util-1.0.0-alpha-2.jar:/workspace/m2-repository/org/apache/maven/mercury/mercury-repo-local-m2/1.0.0-alpha-2/mercury-repo-local-m2-1.0.0-alpha-2.jar:/workspace/m2-repository/org/apache/maven/mercury/mercury-repo-virtual/1.0.0-alpha-2/mercury-repo-virtual-1.0.0-alpha-2.jar:/workspace/m2-repository/org/apache/maven/mercury/mercury-repo-cache-fs/1.0.0-alpha-2/mercury-repo-cache-fs-1.0.0-alpha-2.jar:/workspace/m2-repository/org/apache/maven/mercury/mercury-md-sat/1.0.0-alpha-2/mercury-md-sat-1.0.0-alpha-2.jar:/workspace/m2-repository/org/sat4j/org.sat4j.core/2.0.4/org.sat4j.core-2.0.4.jar:/workspace/m2-repository/org/sat4j/org.sat4j.pb/2.0.4/org.sat4j.pb-2.0.4.jar:/workspace/m2-repository/org/apache/maven/mercury/mercury-event/1.0.0-alpha-2/mercury-event-1.0.0-alpha-2.jar:/workspace/m2-repository/org/apache/maven/mercury/mercury-logging/1.0.0-alpha-2/mercury-logging-1.0.0-alpha-2.jar:/workspace/m2-repository/org/codehaus/plexus/plexus-lang/1.1/plexus-lang-1.1.jar:/workspace/m2-repository/org/slf4j/slf4j-jdk14/1.5.3/slf4j-jdk14-1.5.3.jar:/workspace/m2-repository/org/apache/maven/maven-mercury/3.0-alpha-2/maven-mercury-3.0-alpha-2.jar:/workspace/m2-repository/org/apache/maven/mercury/mercury-artifact/1.0.0-alpha-2/mercury-artifact-1.0.0-alpha-2.jar:/workspace/m2-repository/org/apache/maven/mercury/mercury-external/1.0.0-alpha-2/mercury-external-1.0.0-alpha-2.jar:/workspace/m2-repository/org/sonatype/spice/model-builder/1.3/model-builder-1.3.jar:/workspace/m2-repository/stax/stax-api/1.0.1/stax-api-1.0.1.jar:/workspace/m2-repository/org/apache/maven/maven-compat/3.0-alpha-2/maven-compat-3.0-alpha-2.jar:/workspace/m2-repository/org/apache/maven/wagon/wagon-provider-api/1.0-beta-4/wagon-provider-api-1.0-beta-4.jar:/workspace/m2-repository/org/codehaus/plexus/plexus-java/0.9.11/plexus-java-0.9.11.jar:/workspace/m2-repository/com/thoughtworks/qdox/qdox/2.0-M9/qdox-2.0-M9.jar:/workspace/m2-repository/org/seleniumhq/selenium/selenium-java/4.0.0-alpha-6/selenium-java-4.0.0-alpha-6.jar:/workspace/m2-repository/org/seleniumhq/selenium/selenium-edgehtml-driver/4.0.0-alpha-6/selenium-edgehtml-driver-4.0.0-alpha-6.jar:/workspace/m2-repository/org/seleniumhq/selenium/selenium-firefox-driver/4.0.0-alpha-6/selenium-firefox-driver-4.0.0-alpha-6.jar:/workspace/m2-repository/org/seleniumhq/selenium/selenium-firefox-xpi-driver/4.0.0-alpha-6/selenium-firefox-xpi-driver-4.0.0-alpha-6.jar:/workspace/m2-repository/org/seleniumhq/selenium/selenium-ie-driver/4.0.0-alpha-6/selenium-ie-driver-4.0.0-alpha-6.jar:/workspace/m2-repository/org/seleniumhq/selenium/selenium-chrome-driver/4.0.0-alpha-6/selenium-chrome-driver-4.0.0-alpha-6.jar:/workspace/m2-repository/com/google/auto/service/auto-service-annotations/1.0-rc6/auto-service-annotations-1.0-rc6.jar:/workspace/m2-repository/com/google/auto/service/auto-service/1.0-rc6/auto-service-1.0-rc6.jar:/workspace/m2-repository/com/google/auto/auto-common/0.10/auto-common-0.10.jar:/workspace/m2-repository/org/seleniumhq/selenium/selenium-chromium-driver/4.0.0-alpha-6/selenium-chromium-driver-4.0.0-alpha-6.jar:/workspace/m2-repository/org/seleniumhq/selenium/selenium-devtools/4.0.0-alpha-6/selenium-devtools-4.0.0-alpha-6.jar:/workspace/m2-repository/org/seleniumhq/selenium/selenium-http/4.0.0-alpha-6/selenium-http-4.0.0-alpha-6.jar:/workspace/m2-repository/org/seleniumhq/selenium/selenium-json/4.0.0-alpha-6/selenium-json-4.0.0-alpha-6.jar:"/>
    <property name="sun.cpu.endian" value="little"/>
    <property name="user.home" value="/home/gitpod"/>
    <property name="user.language" value="en"/>
    <property name="java.specification.vendor" value="Oracle Corporation"/>
    <property name="java.version.date" value="2021-10-19"/>
    <property name="java.home" value="/home/gitpod/.sdkman/candidates/java/11.0.13.fx-zulu"/>
    <property name="file.separator" value="/"/>
    <property name="basedir" value="/workspace/LambdaTestNG-Certification"/>
    <property name="java.vm.compressedOopsMode" value="Zero based"/>
    <property name="line.separator" value="&#10;"/>
    <property name="java.specification.name" value="Java Platform API Specification"/>
    <property name="java.vm.specification.vendor" value="Oracle Corporation"/>
    <property name="jdk.vendor.version" value="Zulu11.52+13-CA"/>
    <property name="java.awt.graphicsenv" value="sun.awt.X11GraphicsEnvironment"/>
    <property name="surefire.real.class.path" value="/workspace/LambdaTestNG-Certification/target/surefire/surefirebooter9436718783698961309.jar"/>
    <property name="sun.management.compiler" value="HotSpot 64-Bit Tiered Compilers"/>
    <property name="java.runtime.version" value="11.0.13+8-LTS"/>
    <property name="user.name" value="gitpod"/>
    <property name="path.separator" value=":"/>
    <property name="os.version" value="5.13.0-1007-gcp"/>
    <property name="java.runtime.name" value="OpenJDK Runtime Environment"/>
    <property name="file.encoding" value="UTF-8"/>
    <property name="java.vm.name" value="OpenJDK 64-Bit Server VM"/>
    <property name="java.vendor.version" value="Zulu11.52+13-CA"/>
    <property name="localRepository" value="/workspace/m2-repository"/>
    <property name="java.vendor.url.bug" value="http://www.azul.com/support/"/>
    <property name="java.io.tmpdir" value="/tmp"/>
    <property name="java.version" value="11.0.13"/>
    <property name="user.dir" value="/workspace/LambdaTestNG-Certification"/>
    <property name="os.arch" value="amd64"/>
    <property name="java.vm.specification.name" value="Java Virtual Machine Specification"/>
    <property name="java.awt.printerjob" value="sun.print.PSPrinterJob"/>
    <property name="sun.os.patch.level" value="unknown"/>
    <property name="java.library.path" value="/usr/java/packages/lib:/usr/lib64:/lib64:/lib:/usr/lib"/>
    <property name="java.vm.info" value="mixed mode"/>
    <property name="java.vendor" value="Azul Systems, Inc."/>
    <property name="java.vm.version" value="11.0.13+8-LTS"/>
    <property name="sun.io.unicode.encoding" value="UnicodeLittle"/>
    <property name="java.class.version" value="55.0"/>
  </properties>
  <testcase name="testChrome1" classname="LambdaTest" time="32.864">
    <failure message="java.lang.reflect.InvocationTargetException&#10;Build info: version: &apos;3.141.59&apos;, revision: &apos;e82be7d358&apos;, time: &apos;2018-11-14T08:17:03&apos;&#10;System info: host: &apos;ws-5161129e-3b52-47c1-ab7d-d8bd34934305&apos;, ip: &apos;192.168.63.238&apos;, os.name: &apos;Linux&apos;, os.arch: &apos;amd64&apos;, os.version: &apos;5.13.0-1007-gcp&apos;, java.version: &apos;11.0.13&apos;&#10;Driver info: driver.version: RemoteWebDriver" type="org.openqa.selenium.json.JsonException">org.openqa.selenium.json.JsonException: 
java.lang.reflect.InvocationTargetException
Build info: version: '3.141.59', revision: 'e82be7d358', time: '2018-11-14T08:17:03'
System info: host: 'ws-5161129e-3b52-47c1-ab7d-d8bd34934305', ip: '192.168.63.238', os.name: 'Linux', os.arch: 'amd64', os.version: '5.13.0-1007-gcp', java.version: '11.0.13'
Driver info: driver.version: RemoteWebDriver
	at LambdaTest.testChrome1(LambdaTest.java:65)
Caused by: java.lang.reflect.InvocationTargetException
	at LambdaTest.testChrome1(LambdaTest.java:65)
Caused by: org.openqa.selenium.NoSuchElementException: 
Timed out after 2 seconds. Element not found
For documentation on this error, please visit: https://www.seleniumhq.org/exceptions/no_such_element.html
Build info: version: '3.141.59', revision: 'e82be7d358', time: '2018-11-14T08:17:03'
System info: host: 'ws-5161129e-3b52-47c1-ab7d-d8bd34934305', ip: '192.168.63.238', os.name: 'Linux', os.arch: 'amd64', os.version: '5.13.0-1007-gcp', java.version: '11.0.13'
Driver info: driver.version: RemoteWebDriver
	at LambdaTest.testChrome1(LambdaTest.java:65)
</failure>
    <system-out><![CDATA[[TestNGContentHandler] [WARN] It is strongly recommended to add "<!DOCTYPE suite SYSTEM "https://testng.org/testng-1.0.dtd" >" at the top of your file, otherwise TestNG may fail or not work as expected.
]]></system-out>
    <system-err><![CDATA[SLF4J: Class path contains multiple SLF4J bindings.
SLF4J: Found binding in [jar:file:/workspace/m2-repository/org/slf4j/slf4j-log4j12/1.7.5/slf4j-log4j12-1.7.5.jar!/org/slf4j/impl/StaticLoggerBinder.class]
SLF4J: Found binding in [jar:file:/workspace/m2-repository/org/slf4j/slf4j-jdk14/1.5.3/slf4j-jdk14-1.5.3.jar!/org/slf4j/impl/StaticLoggerBinder.class]
SLF4J: See http://www.slf4j.org/codes.html#multiple_bindings for an explanation.
SLF4J: Actual binding is of type [org.slf4j.impl.Log4jLoggerFactory]
log4j:WARN No appenders could be found for logger (net.thucydides.core.util.PropertiesFileLocalPreferences).
log4j:WARN Please initialize the log4j system properly.
log4j:WARN See http://logging.apache.org/log4j/1.2/faq.html#noconfig for more info.
Dec 11, 2021 5:56:54 PM org.openqa.selenium.remote.ProtocolHandshake createSession
INFO: Detected dialect: W3C
]]></system-err>
  </testcase>
  <testcase name="testChrome1" classname="LambdaTest" time="37.412">
    <failure message="java.lang.reflect.InvocationTargetException&#10;Build info: version: &apos;3.141.59&apos;, revision: &apos;e82be7d358&apos;, time: &apos;2018-11-14T08:17:03&apos;&#10;System info: host: &apos;ws-5161129e-3b52-47c1-ab7d-d8bd34934305&apos;, ip: &apos;192.168.63.238&apos;, os.name: &apos;Linux&apos;, os.arch: &apos;amd64&apos;, os.version: &apos;5.13.0-1007-gcp&apos;, java.version: &apos;11.0.13&apos;&#10;Driver info: driver.version: RemoteWebDriver" type="org.openqa.selenium.json.JsonException">org.openqa.selenium.json.JsonException: 
java.lang.reflect.InvocationTargetException
Build info: version: '3.141.59', revision: 'e82be7d358', time: '2018-11-14T08:17:03'
System info: host: 'ws-5161129e-3b52-47c1-ab7d-d8bd34934305', ip: '192.168.63.238', os.name: 'Linux', os.arch: 'amd64', os.version: '5.13.0-1007-gcp', java.version: '11.0.13'
Driver info: driver.version: RemoteWebDriver
	at LambdaTest.testChrome1(LambdaTest.java:65)
Caused by: java.lang.reflect.InvocationTargetException
	at LambdaTest.testChrome1(LambdaTest.java:65)
Caused by: org.openqa.selenium.NoSuchElementException: 
Timed out after 2 seconds. Element not found
For documentation on this error, please visit: https://www.seleniumhq.org/exceptions/no_such_element.html
Build info: version: '3.141.59', revision: 'e82be7d358', time: '2018-11-14T08:17:03'
System info: host: 'ws-5161129e-3b52-47c1-ab7d-d8bd34934305', ip: '192.168.63.238', os.name: 'Linux', os.arch: 'amd64', os.version: '5.13.0-1007-gcp', java.version: '11.0.13'
Driver info: driver.version: RemoteWebDriver
	at LambdaTest.testChrome1(LambdaTest.java:65)
</failure>
    <system-err><![CDATA[Dec 11, 2021 5:57:29 PM org.openqa.selenium.remote.ProtocolHandshake createSession
INFO: Detected dialect: W3C
]]></system-err>
  </testcase>
  <testcase name="testChrome1" classname="LambdaTest" time="30.317">
    <failure message="java.lang.reflect.InvocationTargetException&#10;Build info: version: &apos;3.141.59&apos;, revision: &apos;e82be7d358&apos;, time: &apos;2018-11-14T08:17:03&apos;&#10;System info: host: &apos;ws-5161129e-3b52-47c1-ab7d-d8bd34934305&apos;, ip: &apos;192.168.63.238&apos;, os.name: &apos;Linux&apos;, os.arch: &apos;amd64&apos;, os.version: &apos;5.13.0-1007-gcp&apos;, java.version: &apos;11.0.13&apos;&#10;Driver info: driver.version: RemoteWebDriver" type="org.openqa.selenium.json.JsonException">org.openqa.selenium.json.JsonException: 
java.lang.reflect.InvocationTargetException
Build info: version: '3.141.59', revision: 'e82be7d358', time: '2018-11-14T08:17:03'
System info: host: 'ws-5161129e-3b52-47c1-ab7d-d8bd34934305', ip: '192.168.63.238', os.name: 'Linux', os.arch: 'amd64', os.version: '5.13.0-1007-gcp', java.version: '11.0.13'
Driver info: driver.version: RemoteWebDriver
	at LambdaTest.testChrome1(LambdaTest.java:65)
Caused by: java.lang.reflect.InvocationTargetException
	at LambdaTest.testChrome1(LambdaTest.java:65)
Caused by: org.openqa.selenium.NoSuchElementException: 
Timed out after 2 seconds. Element not found
For documentation on this error, please visit: https://www.seleniumhq.org/exceptions/no_such_element.html
Build info: version: '3.141.59', revision: 'e82be7d358', time: '2018-11-14T08:17:03'
System info: host: 'ws-5161129e-3b52-47c1-ab7d-d8bd34934305', ip: '192.168.63.238', os.name: 'Linux', os.arch: 'amd64', os.version: '5.13.0-1007-gcp', java.version: '11.0.13'
Driver info: driver.version: RemoteWebDriver
	at LambdaTest.testChrome1(LambdaTest.java:65)
</failure>
    <system-err><![CDATA[Dec 11, 2021 5:58:05 PM org.openqa.selenium.remote.ProtocolHandshake createSession
INFO: Detected dialect: W3C
]]></system-err>
  </testcase>
  <testcase name="testChrome1" classname="LambdaTest" time="29.74">
    <failure message="java.lang.reflect.InvocationTargetException&#10;Build info: version: &apos;3.141.59&apos;, revision: &apos;e82be7d358&apos;, time: &apos;2018-11-14T08:17:03&apos;&#10;System info: host: &apos;ws-5161129e-3b52-47c1-ab7d-d8bd34934305&apos;, ip: &apos;192.168.63.238&apos;, os.name: &apos;Linux&apos;, os.arch: &apos;amd64&apos;, os.version: &apos;5.13.0-1007-gcp&apos;, java.version: &apos;11.0.13&apos;&#10;Driver info: driver.version: RemoteWebDriver" type="org.openqa.selenium.json.JsonException">org.openqa.selenium.json.JsonException: 
java.lang.reflect.InvocationTargetException
Build info: version: '3.141.59', revision: 'e82be7d358', time: '2018-11-14T08:17:03'
System info: host: 'ws-5161129e-3b52-47c1-ab7d-d8bd34934305', ip: '192.168.63.238', os.name: 'Linux', os.arch: 'amd64', os.version: '5.13.0-1007-gcp', java.version: '11.0.13'
Driver info: driver.version: RemoteWebDriver
	at LambdaTest.testChrome1(LambdaTest.java:65)
Caused by: java.lang.reflect.InvocationTargetException
	at LambdaTest.testChrome1(LambdaTest.java:65)
Caused by: org.openqa.selenium.NoSuchElementException: 
Timed out after 2 seconds. Element not found
For documentation on this error, please visit: https://www.seleniumhq.org/exceptions/no_such_element.html
Build info: version: '3.141.59', revision: 'e82be7d358', time: '2018-11-14T08:17:03'
System info: host: 'ws-5161129e-3b52-47c1-ab7d-d8bd34934305', ip: '192.168.63.238', os.name: 'Linux', os.arch: 'amd64', os.version: '5.13.0-1007-gcp', java.version: '11.0.13'
Driver info: driver.version: RemoteWebDriver
	at LambdaTest.testChrome1(LambdaTest.java:65)
</failure>
    <system-err><![CDATA[Dec 11, 2021 5:58:34 PM org.openqa.selenium.remote.ProtocolHandshake createSession
INFO: Detected dialect: W3C
]]></system-err>
  </testcase>
</testsuite>